0 info it worked if it ends with ok
1 verbose cli [ '/usr/local/bin/node', '/usr/local/bin/npm', 'install' ]
2 info using npm@2.14.4
3 info using node@v4.1.1
4 verbose readDependencies loading dependencies from /Users/kimjongmin/Makers/shoppingMall/package.json
5 warn package.json shoppingMall@1.0.0 No repository field.
6 warn package.json shoppingMall@1.0.0 No README data
7 verbose install where, deps [ '/Users/kimjongmin/Makers/shoppingMall',
7 verbose install   [ 'body-parser',
7 verbose install     'express',
7 verbose install     'method-override',
7 verbose install     'mongodb',
7 verbose install     'mongoose' ] ]
8 verbose install where, peers [ '/Users/kimjongmin/Makers/shoppingMall', [] ]
9 verbose installManyTop reading for lifecycle /Users/kimjongmin/Makers/shoppingMall/package.json
10 info preinstall shoppingMall@1.0.0
11 verbose installManyTop reading scoped package data from /Users/kimjongmin/Makers/shoppingMall/node_modules/body-parser/package.json
12 verbose installManyTop reading scoped package data from /Users/kimjongmin/Makers/shoppingMall/node_modules/express/package.json
13 verbose installManyTop reading scoped package data from /Users/kimjongmin/Makers/shoppingMall/node_modules/method-override/package.json
14 verbose installManyTop reading scoped package data from /Users/kimjongmin/Makers/shoppingMall/node_modules/mongoose/package.json
15 verbose readDependencies loading dependencies from /Users/kimjongmin/Makers/shoppingMall/package.json
16 verbose targetResolver reading package data from /Users/kimjongmin/Makers/shoppingMall/node_modules/body-parser/package.json
17 verbose targetResolver reading package data from /Users/kimjongmin/Makers/shoppingMall/node_modules/express/package.json
18 verbose targetResolver reading package data from /Users/kimjongmin/Makers/shoppingMall/node_modules/method-override/package.json
19 verbose targetResolver reading package data from /Users/kimjongmin/Makers/shoppingMall/node_modules/mongoose/package.json
20 silly cache add args [ 'mongodb@>= 3.0.6', null ]
21 verbose cache add spec mongodb@>= 3.0.6
22 silly cache add parsed spec Result {
22 silly cache add   raw: 'mongodb@>= 3.0.6',
22 silly cache add   scope: null,
22 silly cache add   name: 'mongodb',
22 silly cache add   rawSpec: '>= 3.0.6',
22 silly cache add   spec: '>=3.0.6',
22 silly cache add   type: 'range' }
23 silly addNamed mongodb@>=3.0.6
24 verbose addNamed ">=3.0.6" is a valid semver range for mongodb
25 silly addNameRange { name: 'mongodb', range: '>=3.0.6', hasData: false }
26 silly mapToRegistry name mongodb
27 silly mapToRegistry using default registry
28 silly mapToRegistry registry https://registry.npmjs.org/
29 silly mapToRegistry uri https://registry.npmjs.org/mongodb
30 verbose addNameRange registry:https://registry.npmjs.org/mongodb not in flight; fetching
31 verbose already installed skipping mongoose@^4.1.9 /Users/kimjongmin/Makers/shoppingMall
32 verbose already installed skipping body-parser@^1.14.1 /Users/kimjongmin/Makers/shoppingMall
33 verbose already installed skipping method-override@^2.3.5 /Users/kimjongmin/Makers/shoppingMall
34 verbose already installed skipping express@^4.13.3 /Users/kimjongmin/Makers/shoppingMall
35 verbose request uri https://registry.npmjs.org/mongodb
36 verbose request no auth needed
37 info attempt registry request try #1 at 2:52:00 PM
38 verbose request id 213f64765e80ab53
39 verbose etag "3PY7TY7313TMI00UAX0V9FWBY"
40 http request GET https://registry.npmjs.org/mongodb
41 http 304 https://registry.npmjs.org/mongodb
42 silly get cb [ 304,
42 silly get   { date: 'Mon, 05 Oct 2015 13:52:00 GMT',
42 silly get     via: '1.1 varnish',
42 silly get     'cache-control': 'max-age=60',
42 silly get     etag: '"3PY7TY7313TMI00UAX0V9FWBY"',
42 silly get     age: '36',
42 silly get     connection: 'keep-alive',
42 silly get     'x-served-by': 'cache-ams4146-AMS',
42 silly get     'x-cache': 'HIT',
42 silly get     'x-cache-hits': '1',
42 silly get     'x-timer': 'S1444053120.568421,VS0,VE2',
42 silly get     vary: 'Accept' } ]
43 verbose etag https://registry.npmjs.org/mongodb from cache
44 verbose get saving mongodb to /Users/kimjongmin/.npm/registry.npmjs.org/mongodb/.cache.json
45 silly addNameRange number 2 { name: 'mongodb', range: '>=3.0.6', hasData: true }
46 silly addNameRange versions [ 'mongodb',
46 silly addNameRange   [ '0.9.4',
46 silly addNameRange     '0.9.4-4',
46 silly addNameRange     '0.9.3',
46 silly addNameRange     '0.9.1',
46 silly addNameRange     '0.9.2',
46 silly addNameRange     '0.9.6-7',
46 silly addNameRange     '0.9.6-8',
46 silly addNameRange     '0.9.6-9',
46 silly addNameRange     '0.9.6-10',
46 silly addNameRange     '0.9.6-11',
46 silly addNameRange     '0.9.6-12',
46 silly addNameRange     '0.9.6-13',
46 silly addNameRange     '0.9.6-14',
46 silly addNameRange     '0.9.6-15',
46 silly addNameRange     '0.9.6-16',
46 silly addNameRange     '0.9.6-17',
46 silly addNameRange     '0.9.6-18',
46 silly addNameRange     '0.9.6-19',
46 silly addNameRange     '0.9.6-20',
46 silly addNameRange     '0.9.6-21',
46 silly addNameRange     '0.9.6-22',
46 silly addNameRange     '0.9.6-23',
46 silly addNameRange     '0.9.7',
46 silly addNameRange     '0.9.7-0',
46 silly addNameRange     '0.9.7-1',
46 silly addNameRange     '0.9.7-1.1',
46 silly addNameRange     '0.9.7-1.2',
46 silly addNameRange     '0.9.7-1.3',
46 silly addNameRange     '0.9.7-1.4',
46 silly addNameRange     '0.9.7-2',
46 silly addNameRange     '0.9.7-2-1',
46 silly addNameRange     '0.9.7-2-2',
46 silly addNameRange     '0.9.7-2-3',
46 silly addNameRange     '0.9.7-2-4',
46 silly addNameRange     '0.9.7-2-5',
46 silly addNameRange     '0.9.7-3',
46 silly addNameRange     '0.9.7-3-1',
46 silly addNameRange     '0.9.7-3-2',
46 silly addNameRange     '0.9.7-3-3',
46 silly addNameRange     '0.9.7-3-4',
46 silly addNameRange     '0.9.7-3-5',
46 silly addNameRange     '0.9.8',
46 silly addNameRange     '0.9.8-1',
46 silly addNameRange     '0.9.8-2',
46 silly addNameRange     '0.9.8-3',
46 silly addNameRange     '0.9.8-4',
46 silly addNameRange     '0.9.8-5',
46 silly addNameRange     '0.9.8-6',
46 silly addNameRange     '0.9.8-7',
46 silly addNameRange     '0.9.9',
46 silly addNameRange     '0.9.9-1',
46 silly addNameRange     '0.9.9-2',
46 silly addNameRange     '0.9.9-3',
46 silly addNameRange     '0.9.9-4',
46 silly addNameRange     '0.9.9-5',
46 silly addNameRange     '0.9.9-6',
46 silly addNameRange     '0.9.9-7',
46 silly addNameRange     '0.9.9-8',
46 silly addNameRange     '1.0.0',
46 silly addNameRange     '1.0.1',
46 silly addNameRange     '1.0.2',
46 silly addNameRange     '1.1.0-beta',
46 silly addNameRange     '1.1.0',
46 silly addNameRange     '1.1.1',
46 silly addNameRange     '1.1.2',
46 silly addNameRange     '1.1.3',
46 silly addNameRange     '1.1.4',
46 silly addNameRange     '1.1.5',
46 silly addNameRange     '1.1.6',
46 silly addNameRange     '1.1.7',
46 silly addNameRange     '1.1.8',
46 silly addNameRange     '1.1.9',
46 silly addNameRange     '1.1.10',
46 silly addNameRange     '1.1.11',
46 silly addNameRange     '1.2.0',
46 silly addNameRange     '1.2.1',
46 silly addNameRange     '1.2.2',
46 silly addNameRange     '1.2.3',
46 silly addNameRange     '1.2.4',
46 silly addNameRange     '1.2.5',
46 silly addNameRange     '1.2.6',
46 silly addNameRange     '1.2.7',
46 silly addNameRange     '1.2.8',
46 silly addNameRange     '1.2.9',
46 silly addNameRange     '1.2.10',
46 silly addNameRange     '1.2.11',
46 silly addNameRange     '1.2.12',
46 silly addNameRange     '1.2.13',
46 silly addNameRange     '1.2.14',
46 silly addNameRange     '1.3.0',
46 silly addNameRange     '1.3.1',
46 silly addNameRange     '1.3.2',
46 silly addNameRange     '1.3.3',
46 silly addNameRange     '1.3.4',
46 silly addNameRange     '1.3.5',
46 silly addNameRange     '1.3.6',
46 silly addNameRange     '1.3.7',
46 silly addNameRange     '1.3.8',
46 silly addNameRange     '1.3.9',
46 silly addNameRange     '1.3.10',
46 silly addNameRange     '1.3.11',
46 silly addNameRange     '1.3.12',
46 silly addNameRange     '1.3.14',
46 silly addNameRange     '1.3.15',
46 silly addNameRange     '1.3.17',
46 silly addNameRange     '1.3.18',
46 silly addNameRange     '1.3.19',
46 silly addNameRange     '1.4.0-rc2',
46 silly addNameRange     '1.3.20',
46 silly addNameRange     '1.4.0-rc3',
46 silly addNameRange     '1.3.21',
46 silly addNameRange     '1.3.22',
46 silly addNameRange     '1.3.23',
46 silly addNameRange     '1.4.0-rc4',
46 silly addNameRange     '1.4.0-rc5',
46 silly addNameRange     '1.4.0-rc6',
46 silly addNameRange     '1.4.0-rc7',
46 silly addNameRange     '1.4.0-rc8',
46 silly addNameRange     '1.4.0-rc9',
46 silly addNameRange     '1.4.0-rc10',
46 silly addNameRange     '1.4.0',
46 silly addNameRange     '1.4.1',
46 silly addNameRange     '1.4.2',
46 silly addNameRange     '1.4.3',
46 silly addNameRange     '1.4.4',
46 silly addNameRange     '1.4.5',
46 silly addNameRange     '1.4.6',
46 silly addNameRange     '1.4.7',
46 silly addNameRange     '1.4.8',
46 silly addNameRange     '1.4.9',
46 silly addNameRange     '1.4.10',
46 silly addNameRange     '2.0.0-alpha1',
46 silly addNameRange     '1.4.11',
46 silly addNameRange     '1.4.12',
46 silly addNameRange     '1.4.14',
46 silly addNameRange     '1.4.15',
46 silly addNameRange     '1.4.16',
46 silly addNameRange     '1.4.17',
46 silly addNameRange     '2.0.0-alpha2',
46 silly addNameRange     '1.4.18',
46 silly addNameRange     '2.0.0',
46 silly addNameRange     '2.0.1',
46 silly addNameRange     '2.0.2',
46 silly addNameRange     '1.4.19',
46 silly addNameRange     '2.0.3',
46 silly addNameRange     '2.0.4',
46 silly addNameRange     '2.0.5',
46 silly addNameRange     '2.0.6',
46 silly addNameRange     '1.4.20',
46 silly addNameRange     '1.4.22',
46 silly addNameRange     '2.0.7',
46 silly addNameRange     '2.0.8',
46 silly addNameRange     '2.0.9',
46 silly addNameRange     '1.4.23',
46 silly addNameRange     '2.0.10',
46 silly addNameRange     '1.4.24',
46 silly addNameRange     '2.0.11',
46 silly addNameRange     '1.4.25',
46 silly addNameRange     '2.0.12',
46 silly addNameRange     '1.4.26',
46 silly addNameRange     '1.4.27',
46 silly addNameRange     '1.4.28',
46 silly addNameRange     '2.0.13',
46 silly addNameRange     '2.0.14',
46 silly addNameRange     '1.4.29',
46 silly addNameRange     '2.0.15',
46 silly addNameRange     '1.4.30',
46 silly addNameRange     '2.0.16',
46 silly addNameRange     '1.4.31',
46 silly addNameRange     '2.0.17',
46 silly addNameRange     '1.4.32',
46 silly addNameRange     '2.0.18',
46 silly addNameRange     '2.0.19',
46 silly addNameRange     '1.4.33',
46 silly addNameRange     '2.0.20',
46 silly addNameRange     '2.0.21',
46 silly addNameRange     '1.4.34',
46 silly addNameRange     '2.0.22',
46 silly addNameRange     '2.0.23',
46 silly addNameRange     '1.4.35',
46 silly addNameRange     '2.0.24',
46 silly addNameRange     '2.0.25',
46 silly addNameRange     '2.0.26',
46 silly addNameRange     '2.0.27',
46 silly addNameRange     '2.0.28',
46 silly addNameRange     '2.0.29',
46 silly addNameRange     '1.4.36',
46 silly addNameRange     '2.0.30',
46 silly addNameRange     '1.4.37',
46 silly addNameRange     '2.0.31',
46 silly addNameRange     '1.4.38',
46 silly addNameRange     '2.0.32',
46 silly addNameRange     '2.0.33',
46 silly addNameRange     '2.1.0-alpha',
46 silly addNameRange     '2.0.34',
46 silly addNameRange     '2.0.35',
46 silly addNameRange     '2.0.36',
46 silly addNameRange     '2.0.37',
46 silly addNameRange     '2.0.38',
46 silly addNameRange     '2.0.39',
46 silly addNameRange     '1.4.39',
46 silly addNameRange     '2.0.40',
46 silly addNameRange     '2.0.41',
46 silly addNameRange     '2.0.42',
46 silly addNameRange     '2.0.43',
46 silly addNameRange     '2.0.44',
46 silly addNameRange     '2.0.45' ] ]
47 verbose stack Error: No compatible version found: mongodb@'>=3.0.6'
47 verbose stack Valid install targets:
47 verbose stack ["0.9.4","0.9.4-4","0.9.3","0.9.1","0.9.2","0.9.6-7","0.9.6-8","0.9.6-9","0.9.6-10","0.9.6-11","0.9.6-12","0.9.6-13","0.9.6-14","0.9.6-15","0.9.6-16","0.9.6-17","0.9.6-18","0.9.6-19","0.9.6-20","0.9.6-21","0.9.6-22","0.9.6-23","0.9.7","0.9.7-0","0.9.7-1","0.9.7-1.1","0.9.7-1.2","0.9.7-1.3","0.9.7-1.4","0.9.7-2","0.9.7-2-1","0.9.7-2-2","0.9.7-2-3","0.9.7-2-4","0.9.7-2-5","0.9.7-3","0.9.7-3-1","0.9.7-3-2","0.9.7-3-3","0.9.7-3-4","0.9.7-3-5","0.9.8","0.9.8-1","0.9.8-2","0.9.8-3","0.9.8-4","0.9.8-5","0.9.8-6","0.9.8-7","0.9.9","0.9.9-1","0.9.9-2","0.9.9-3","0.9.9-4","0.9.9-5","0.9.9-6","0.9.9-7","0.9.9-8","1.0.0","1.0.1","1.0.2","1.1.0-beta","1.1.0","1.1.1","1.1.2","1.1.3","1.1.4","1.1.5","1.1.6","1.1.7","1.1.8","1.1.9","1.1.10","1.1.11","1.2.0","1.2.1","1.2.2","1.2.3","1.2.4","1.2.5","1.2.6","1.2.7","1.2.8","1.2.9","1.2.10","1.2.11","1.2.12","1.2.13","1.2.14","1.3.0","1.3.1","1.3.2","1.3.3","1.3.4","1.3.5","1.3.6","1.3.7","1.3.8","1.3.9","1.3.10","1.3.11","1.3.12","1.3.14","1.3.15","1.3.17","1.3.18","1.3.19","1.4.0-rc2","1.3.20","1.4.0-rc3","1.3.21","1.3.22","1.3.23","1.4.0-rc4","1.4.0-rc5","1.4.0-rc6","1.4.0-rc7","1.4.0-rc8","1.4.0-rc9","1.4.0-rc10","1.4.0","1.4.1","1.4.2","1.4.3","1.4.4","1.4.5","1.4.6","1.4.7","1.4.8","1.4.9","1.4.10","2.0.0-alpha1","1.4.11","1.4.12","1.4.14","1.4.15","1.4.16","1.4.17","2.0.0-alpha2","1.4.18","2.0.0","2.0.1","2.0.2","1.4.19","2.0.3","2.0.4","2.0.5","2.0.6","1.4.20","1.4.22","2.0.7","2.0.8","2.0.9","1.4.23","2.0.10","1.4.24","2.0.11","1.4.25","2.0.12","1.4.26","1.4.27","1.4.28","2.0.13","2.0.14","1.4.29","2.0.15","1.4.30","2.0.16","1.4.31","2.0.17","1.4.32","2.0.18","2.0.19","1.4.33","2.0.20","2.0.21","1.4.34","2.0.22","2.0.23","1.4.35","2.0.24","2.0.25","2.0.26","2.0.27","2.0.28","2.0.29","1.4.36","2.0.30","1.4.37","2.0.31","1.4.38","2.0.32","2.0.33","2.1.0-alpha","2.0.34","2.0.35","2.0.36","2.0.37","2.0.38","2.0.39","1.4.39","2.0.40","2.0.41","2.0.42","2.0.43","2.0.44","2.0.45"]
47 verbose stack
47 verbose stack     at installTargetsError (/usr/local/lib/node_modules/npm/lib/cache/add-named.js:278:12)
47 verbose stack     at next (/usr/local/lib/node_modules/npm/lib/cache/add-named.js:256:19)
47 verbose stack     at setData (/usr/local/lib/node_modules/npm/lib/cache/add-named.js:230:5)
47 verbose stack     at RES (/usr/local/lib/node_modules/npm/node_modules/inflight/inflight.js:23:14)
47 verbose stack     at f (/usr/local/lib/node_modules/npm/node_modules/once/once.js:17:25)
47 verbose stack     at fixName (/usr/local/lib/node_modules/npm/lib/cache/add-named.js:29:5)
47 verbose stack     at saved (/usr/local/lib/node_modules/npm/lib/cache/caching-client.js:173:7)
47 verbose stack     at /usr/local/lib/node_modules/npm/node_modules/graceful-fs/polyfills.js:210:7
47 verbose stack     at FSReqWrap.oncomplete (fs.js:82:15)
48 verbose cwd /Users/kimjongmin/Makers/shoppingMall
49 error Darwin 14.5.0
50 error argv "/usr/local/bin/node" "/usr/local/bin/npm" "install"
51 error node v4.1.1
52 error npm  v2.14.4
53 error code ETARGET
54 error notarget No compatible version found: mongodb@'>=3.0.6'
54 error notarget Valid install targets:
54 error notarget ["0.9.4","0.9.4-4","0.9.3","0.9.1","0.9.2","0.9.6-7","0.9.6-8","0.9.6-9","0.9.6-10","0.9.6-11","0.9.6-12","0.9.6-13","0.9.6-14","0.9.6-15","0.9.6-16","0.9.6-17","0.9.6-18","0.9.6-19","0.9.6-20","0.9.6-21","0.9.6-22","0.9.6-23","0.9.7","0.9.7-0","0.9.7-1","0.9.7-1.1","0.9.7-1.2","0.9.7-1.3","0.9.7-1.4","0.9.7-2","0.9.7-2-1","0.9.7-2-2","0.9.7-2-3","0.9.7-2-4","0.9.7-2-5","0.9.7-3","0.9.7-3-1","0.9.7-3-2","0.9.7-3-3","0.9.7-3-4","0.9.7-3-5","0.9.8","0.9.8-1","0.9.8-2","0.9.8-3","0.9.8-4","0.9.8-5","0.9.8-6","0.9.8-7","0.9.9","0.9.9-1","0.9.9-2","0.9.9-3","0.9.9-4","0.9.9-5","0.9.9-6","0.9.9-7","0.9.9-8","1.0.0","1.0.1","1.0.2","1.1.0-beta","1.1.0","1.1.1","1.1.2","1.1.3","1.1.4","1.1.5","1.1.6","1.1.7","1.1.8","1.1.9","1.1.10","1.1.11","1.2.0","1.2.1","1.2.2","1.2.3","1.2.4","1.2.5","1.2.6","1.2.7","1.2.8","1.2.9","1.2.10","1.2.11","1.2.12","1.2.13","1.2.14","1.3.0","1.3.1","1.3.2","1.3.3","1.3.4","1.3.5","1.3.6","1.3.7","1.3.8","1.3.9","1.3.10","1.3.11","1.3.12","1.3.14","1.3.15","1.3.17","1.3.18","1.3.19","1.4.0-rc2","1.3.20","1.4.0-rc3","1.3.21","1.3.22","1.3.23","1.4.0-rc4","1.4.0-rc5","1.4.0-rc6","1.4.0-rc7","1.4.0-rc8","1.4.0-rc9","1.4.0-rc10","1.4.0","1.4.1","1.4.2","1.4.3","1.4.4","1.4.5","1.4.6","1.4.7","1.4.8","1.4.9","1.4.10","2.0.0-alpha1","1.4.11","1.4.12","1.4.14","1.4.15","1.4.16","1.4.17","2.0.0-alpha2","1.4.18","2.0.0","2.0.1","2.0.2","1.4.19","2.0.3","2.0.4","2.0.5","2.0.6","1.4.20","1.4.22","2.0.7","2.0.8","2.0.9","1.4.23","2.0.10","1.4.24","2.0.11","1.4.25","2.0.12","1.4.26","1.4.27","1.4.28","2.0.13","2.0.14","1.4.29","2.0.15","1.4.30","2.0.16","1.4.31","2.0.17","1.4.32","2.0.18","2.0.19","1.4.33","2.0.20","2.0.21","1.4.34","2.0.22","2.0.23","1.4.35","2.0.24","2.0.25","2.0.26","2.0.27","2.0.28","2.0.29","1.4.36","2.0.30","1.4.37","2.0.31","1.4.38","2.0.32","2.0.33","2.1.0-alpha","2.0.34","2.0.35","2.0.36","2.0.37","2.0.38","2.0.39","1.4.39","2.0.40","2.0.41","2.0.42","2.0.43","2.0.44","2.0.45"]
54 error notarget
54 error notarget This is most likely not a problem with npm itself.
54 error notarget In most cases you or one of your dependencies are requesting
54 error notarget a package version that doesn't exist.
54 error notarget
54 error notarget It was specified as a dependency of 'shoppingMall'
55 verbose exit [ 1, true ]
